<?xml version="1.0" encoding="UTF-8"?>
<!-- Generated by org.testng.reporters.JUnitReportReporter -->
<testsuite hostname="STEPHEN" failures="0" tests="3" name="assignment.CrossBrowser" time="72.395" errors="0" timestamp="2024-10-08T19:20:27 IST" skipped="0">
  <testcase classname="assignment.CrossBrowser" name="testparallel" time="23.475"/>
  <system-out/>
  <testcase classname="assignment.CrossBrowser" name="testparallel" time="22.915"/>
  <system-out/>
  <testcase classname="assignment.CrossBrowser" name="testparallel" time="26.005"/>
  <system-out/>
</testsuite> <!-- assignment.CrossBrowser -->
